<?xml version="1.0" encoding="UTF-8"?>
<!-- Generated by org.testng.reporters.JUnitReportReporter -->
<testsuite skipped="0" hostname="customer-187-217-219-195.uninet-ide.com.mx" name="Dashboard.DashboardTest" tests="1" failures="0" timestamp="18 ene 2018 00:00:05 GMT" time="0.711" errors="0">
  <testcase name="Click1" time="0.711" classname="Dashboard.DashboardTest"/>
</testsuite> <!-- Dashboard.DashboardTest -->
